0 info it worked if it ends with ok
1 verbose cli [
1 verbose cli   'C:\\Program Files\\nodejs\\node.exe',
1 verbose cli   'C:\\Program Files\\nodejs\\node_modules\\npm\\bin\\npm-cli.js',
1 verbose cli   'run',
1 verbose cli   'jest',
1 verbose cli   '--no-cache'
1 verbose cli ]
2 info using npm@6.14.8
3 info using node@v12.19.0
4 verbose stack Error: missing script: jest
4 verbose stack
4 verbose stack Did you mean this?
4 verbose stack     test
4 verbose stack     at run (C:\Program Files\nodejs\node_modules\npm\lib\run-script.js:155:19)
4 verbose stack     at C:\Program Files\nodejs\node_modules\npm\lib\run-script.js:63:5
4 verbose stack     at C:\Program Files\nodejs\node_modules\npm\node_modules\read-package-json\read-json.js:116:5
4 verbose stack     at C:\Program Files\nodejs\node_modules\npm\node_modules\read-package-json\read-json.js:436:5
4 verbose stack     at checkBinReferences_ (C:\Program Files\nodejs\node_modules\npm\node_modules\read-package-json\read-json.js:391:45)
4 verbose stack     at final (C:\Program Files\nodejs\node_modules\npm\node_modules\read-package-json\read-json.js:434:3)
4 verbose stack     at then (C:\Program Files\nodejs\node_modules\npm\node_modules\read-package-json\read-json.js:161:5)
4 verbose stack     at ReadFileContext.<anonymous> (C:\Program Files\nodejs\node_modules\npm\node_modules\read-package-json\read-json.js:350:20)
4 verbose stack     at ReadFileContext.callback (C:\Program Files\nodejs\node_modules\npm\node_modules\graceful-fs\graceful-fs.js:123:16)
4 verbose stack     at FSReqCallback.readFileAfterOpen [as oncomplete] (fs.js:261:13)
5 verbose cwd C:\Users\ALPHA\Documents\09_MicroServices\4_workspace\4_ticketing\auth
6 verbose Windows_NT 10.0.19041
7 verbose argv "C:\\Program Files\\nodejs\\node.exe" "C:\\Program Files\\nodejs\\node_modules\\npm\\bin\\npm-cli.js" "run" "jest" "--no-cache"
8 verbose node v12.19.0
9 verbose npm  v6.14.8
10 error missing script: jest
10 error
10 error Did you mean this?
10 error     test
11 verbose exit [ 1, true ]
